[09:58:10] [DiscLoader/INFO]: Mod Discovery
[09:58:10] [DiscLoader/INFO]: Looking for mods directory
[09:58:10] [DiscLoader/INFO]: Mods Directory Located
[09:58:10] [DiscLoader/INFO]: Discovering Mod Containers
[09:58:10] [DiscLoader/INFO]: Checking candidates for @Mod annotation
[09:58:10] [DiscLoader/INFO]: Registering uninitialized mods
[09:58:10] [DiscLoader/INFO]: Registering Mod EventHandlers
[09:58:10] [DiscLoader/INFO]: PreINIT
[09:58:10] [DiscLoader/INFO]: Begin PreInit
[09:58:10] [DiscLoader/INFO]: Registering Default Language
[09:58:11] [DiscLoader/INFO]: Execute PreInit
[09:58:11] [DiscLoader/INFO]: Init
[09:58:11] [DiscLoader/INFO]: Waiting to Login
[09:58:16] [Gateway Listener/INFO]: Connected to the gateway
[09:58:16] [DiscLoader/INFO]: Caching API Objects
[09:58:16] [DiscLoader/INFO]: Caching Roles
[09:58:16] [DiscLoader/INFO]: Caching Members
[09:58:16] [DiscLoader/INFO]: Caching Channels
[09:58:16] [DiscLoader/INFO]: Caching Presences
[09:58:16] [DiscLoader/INFO]: Caching Emojis
[09:58:16] [DiscLoader/INFO]: Caching Voice States
[09:58:16] [DiscLoader/INFO]: Registering Icon
[09:58:16] [DiscLoader/INFO]: Guilds Cached
[09:58:17] [DiscLoader/INFO]: Caching Roles
[09:58:17] [DiscLoader/INFO]: Caching Members
[09:58:17] [DiscLoader/INFO]: Caching Channels
[09:58:17] [DiscLoader/INFO]: Caching Presences
[09:58:17] [DiscLoader/INFO]: Caching Emojis
[09:58:17] [DiscLoader/INFO]: Caching Voice States
[09:58:17] [DiscLoader/INFO]: Registering Icon
[09:58:17] [DiscLoader/INFO]: Guilds Cached
[09:58:17] [DiscLoader/INFO]: Caching Roles
[09:58:17] [DiscLoader/INFO]: Caching Members
[09:58:17] [DiscLoader/INFO]: Caching Channels
[09:58:17] [DiscLoader/INFO]: Caching Presences
[09:58:17] [DiscLoader/INFO]: Caching Emojis
[09:58:17] [DiscLoader/INFO]: Caching Voice States
[09:58:17] [DiscLoader/INFO]: Registering Icon
[09:58:17] [DiscLoader/INFO]: Guilds Cached
[09:58:17] [DiscLoader/INFO]: Caching Roles
[09:58:17] [DiscLoader/INFO]: Caching Members
[09:58:17] [DiscLoader/INFO]: Caching Channels
[09:58:17] [DiscLoader/INFO]: Caching Presences
[09:58:17] [DiscLoader/INFO]: Caching Emojis
[09:58:17] [DiscLoader/INFO]: Caching Voice States
[09:58:17] [DiscLoader/INFO]: Registering Icon
[09:58:17] [DiscLoader/INFO]: Guilds Cached
[09:58:17] [DiscLoader/INFO]: Caching Roles
[09:58:17] [DiscLoader/INFO]: Caching Members
[09:58:17] [DiscLoader/INFO]: Caching Channels
[09:58:17] [DiscLoader/INFO]: Caching Presences
[09:58:17] [DiscLoader/INFO]: Caching Emojis
[09:58:17] [DiscLoader/INFO]: Caching Voice States
[09:58:17] [DiscLoader/INFO]: Registering Icon
[09:58:17] [DiscLoader/INFO]: Guilds Cached
[09:58:17] [DiscLoader/INFO]: Caching Roles
[09:58:17] [DiscLoader/INFO]: Caching Members
[09:58:17] [DiscLoader/INFO]: Caching Channels
[09:58:17] [DiscLoader/INFO]: Caching Presences
[09:58:17] [DiscLoader/INFO]: Caching Emojis
[09:58:17] [DiscLoader/INFO]: Caching Voice States
[09:58:17] [DiscLoader/INFO]: Registering Icon
[09:58:17] [DiscLoader/INFO]: Guilds Cached
[09:58:17] [DiscLoader/INFO]: Caching Roles
[09:58:17] [DiscLoader/INFO]: Caching Members
[09:58:17] [DiscLoader/INFO]: Caching Channels
[09:58:17] [DiscLoader/INFO]: Caching Presences
[09:58:17] [DiscLoader/INFO]: Caching Emojis
[09:58:17] [DiscLoader/INFO]: Caching Voice States
[09:58:17] [DiscLoader/INFO]: Registering Icon
[09:58:17] [DiscLoader/INFO]: Guilds Cached
[09:58:17] [DiscLoader/INFO]: Caching Roles
[09:58:17] [DiscLoader/INFO]: Caching Members
[09:58:17] [DiscLoader/INFO]: Caching Channels
[09:58:17] [DiscLoader/INFO]: Caching Presences
[09:58:17] [DiscLoader/INFO]: Caching Emojis
[09:58:17] [DiscLoader/INFO]: Caching Voice States
[09:58:17] [DiscLoader/INFO]: Registering Icon
[09:58:17] [DiscLoader/INFO]: Guilds Cached
[09:58:17] [DiscLoader/INFO]: Caching Roles
[09:58:17] [DiscLoader/INFO]: Caching Members
[09:58:17] [DiscLoader/INFO]: Caching Channels
[09:58:17] [DiscLoader/INFO]: Caching Presences
[09:58:17] [DiscLoader/INFO]: Caching Emojis
[09:58:17] [DiscLoader/INFO]: Caching Voice States
[09:58:17] [DiscLoader/INFO]: Registering Icon
[09:58:17] [DiscLoader/INFO]: Guilds Cached
[09:58:17] [DiscLoader/INFO]: Caching Roles
[09:58:17] [DiscLoader/INFO]: Caching Members
[09:58:17] [DiscLoader/INFO]: Caching Channels
[09:58:17] [DiscLoader/INFO]: Caching Presences
[09:58:17] [DiscLoader/INFO]: Caching Emojis
[09:58:17] [DiscLoader/INFO]: Caching Voice States
[09:58:17] [DiscLoader/INFO]: Registering Icon
[09:58:17] [DiscLoader/INFO]: Guilds Cached
[09:58:17] [DiscLoader/INFO]: Caching Roles
[09:58:17] [DiscLoader/INFO]: Caching Members
[09:58:17] [DiscLoader/INFO]: Caching Channels
[09:58:17] [DiscLoader/INFO]: Caching Presences
[09:58:17] [DiscLoader/INFO]: Caching Emojis
[09:58:17] [DiscLoader/INFO]: Caching Voice States
[09:58:17] [DiscLoader/INFO]: Registering Icon
[09:58:17] [DiscLoader/INFO]: Guilds Cached
[09:58:17] [DiscLoader/INFO]: Caching Roles
[09:58:17] [DiscLoader/INFO]: Caching Members
[09:58:17] [DiscLoader/INFO]: Caching Channels
[09:58:17] [DiscLoader/INFO]: Caching Presences
[09:58:17] [DiscLoader/INFO]: Caching Emojis
[09:58:17] [DiscLoader/INFO]: Caching Voice States
[09:58:17] [DiscLoader/INFO]: Registering Icon
[09:58:17] [DiscLoader/INFO]: Guilds Cached
[09:58:17] [DiscLoader/INFO]: Caching Roles
[09:58:17] [DiscLoader/INFO]: Caching Members
[09:58:17] [DiscLoader/INFO]: Caching Channels
[09:58:17] [DiscLoader/INFO]: Caching Presences
[09:58:17] [DiscLoader/INFO]: Caching Emojis
[09:58:17] [DiscLoader/INFO]: Caching Voice States
[09:58:17] [DiscLoader/INFO]: Registering Icon
[09:58:17] [DiscLoader/INFO]: Guilds Cached
[09:58:17] [DiscLoader/INFO]: Caching Roles
[09:58:17] [DiscLoader/INFO]: Caching Members
[09:58:17] [DiscLoader/INFO]: Caching Channels
[09:58:17] [DiscLoader/INFO]: Caching Presences
[09:58:17] [DiscLoader/INFO]: Caching Emojis
[09:58:17] [DiscLoader/INFO]: Caching Voice States
[09:58:17] [DiscLoader/INFO]: Registering Icon
[09:58:17] [DiscLoader/INFO]: Guilds Cached
