[09:40:45] [DiscLoader/INFO]: Mod Discovery
[09:40:45] [DiscLoader/INFO]: Looking for mods directory
[09:40:45] [DiscLoader/INFO]: Creating Mods Directory
[09:40:45] [DiscLoader/INFO]: Mods Directory Located
[09:40:45] [DiscLoader/INFO]: Discovering Mod Containers
[09:40:45] [DiscLoader/INFO]: Checking candidates for @Mod annotation
[09:40:45] [DiscLoader/INFO]: Registering uninitialized mods
[09:40:45] [DiscLoader/INFO]: Registering Mod EventHandlers
[09:40:45] [DiscLoader/INFO]: PreINIT
[09:40:45] [DiscLoader/INFO]: Begin PreInit
[09:40:45] [DiscLoader/INFO]: Registering Default Language
[09:40:46] [DiscLoader/INFO]: Execute PreInit
[09:40:46] [DiscLoader/INFO]: Init
[09:40:46] [DiscLoader/INFO]: Waiting to Login
[09:40:48] [Gateway Listener/INFO]: Connected to the gateway
[09:40:48] [DiscLoader/INFO]: Caching API Objects
[09:40:48] [DiscLoader/INFO]: Caching Roles
[09:40:48] [DiscLoader/INFO]: Caching Members
[09:40:48] [DiscLoader/INFO]: Caching Channels
[09:40:48] [DiscLoader/INFO]: Caching Presences
[09:40:48] [DiscLoader/INFO]: Caching Emojis
[09:40:48] [DiscLoader/INFO]: Caching Voice States
[09:40:48] [DiscLoader/INFO]: Registering Icon
[09:40:48] [DiscLoader/INFO]: Guilds Cached
[09:40:48] [DiscLoader/INFO]: Caching Roles
[09:40:48] [DiscLoader/INFO]: Caching Members
[09:40:48] [DiscLoader/INFO]: Caching Channels
[09:40:48] [DiscLoader/INFO]: Caching Presences
[09:40:48] [DiscLoader/INFO]: Caching Emojis
[09:40:48] [DiscLoader/INFO]: Caching Voice States
[09:40:48] [DiscLoader/INFO]: Registering Icon
[09:40:48] [DiscLoader/INFO]: Guilds Cached
[09:40:48] [DiscLoader/INFO]: Caching Roles
[09:40:48] [DiscLoader/INFO]: Caching Members
[09:40:48] [DiscLoader/INFO]: Caching Channels
[09:40:48] [DiscLoader/INFO]: Caching Presences
[09:40:48] [DiscLoader/INFO]: Caching Emojis
[09:40:48] [DiscLoader/INFO]: Caching Voice States
[09:40:48] [DiscLoader/INFO]: Registering Icon
[09:40:48] [DiscLoader/INFO]: Guilds Cached
[09:40:48] [DiscLoader/INFO]: Caching Roles
[09:40:48] [DiscLoader/INFO]: Caching Members
[09:40:49] [DiscLoader/INFO]: Caching Channels
[09:40:49] [DiscLoader/INFO]: Caching Presences
[09:40:49] [DiscLoader/INFO]: Caching Emojis
[09:40:49] [DiscLoader/INFO]: Caching Voice States
[09:40:49] [DiscLoader/INFO]: Registering Icon
[09:40:49] [DiscLoader/INFO]: Guilds Cached
[09:40:49] [DiscLoader/INFO]: Caching Roles
[09:40:49] [DiscLoader/INFO]: Caching Members
[09:40:49] [DiscLoader/INFO]: Caching Channels
[09:40:49] [DiscLoader/INFO]: Caching Presences
[09:40:49] [DiscLoader/INFO]: Caching Emojis
[09:40:49] [DiscLoader/INFO]: Caching Voice States
[09:40:49] [DiscLoader/INFO]: Registering Icon
[09:40:49] [DiscLoader/INFO]: Guilds Cached
[09:40:49] [DiscLoader/INFO]: Caching Roles
[09:40:49] [DiscLoader/INFO]: Caching Members
[09:40:49] [DiscLoader/INFO]: Caching Channels
[09:40:49] [DiscLoader/INFO]: Caching Presences
[09:40:49] [DiscLoader/INFO]: Caching Emojis
[09:40:49] [DiscLoader/INFO]: Caching Voice States
[09:40:49] [DiscLoader/INFO]: Registering Icon
[09:40:49] [DiscLoader/INFO]: Guilds Cached
[09:40:49] [DiscLoader/INFO]: Caching Roles
[09:40:49] [DiscLoader/INFO]: Caching Members
[09:40:49] [DiscLoader/INFO]: Caching Channels
[09:40:49] [DiscLoader/INFO]: Caching Presences
[09:40:49] [DiscLoader/INFO]: Caching Emojis
[09:40:49] [DiscLoader/INFO]: Caching Voice States
[09:40:49] [DiscLoader/INFO]: Registering Icon
[09:40:49] [DiscLoader/INFO]: Guilds Cached
[09:40:49] [DiscLoader/INFO]: Caching Roles
[09:40:49] [DiscLoader/INFO]: Caching Members
[09:40:49] [DiscLoader/INFO]: Caching Channels
[09:40:49] [DiscLoader/INFO]: Caching Presences
[09:40:49] [DiscLoader/INFO]: Caching Emojis
[09:40:49] [DiscLoader/INFO]: Caching Voice States
[09:40:49] [DiscLoader/INFO]: Registering Icon
[09:40:49] [DiscLoader/INFO]: Guilds Cached
[09:40:49] [DiscLoader/INFO]: Caching Roles
[09:40:49] [DiscLoader/INFO]: Caching Members
[09:40:49] [DiscLoader/INFO]: Caching Channels
[09:40:49] [DiscLoader/INFO]: Caching Presences
[09:40:49] [DiscLoader/INFO]: Caching Emojis
[09:40:49] [DiscLoader/INFO]: Caching Voice States
[09:40:49] [DiscLoader/INFO]: Registering Icon
[09:40:49] [DiscLoader/INFO]: Guilds Cached
[09:40:49] [DiscLoader/INFO]: Caching Roles
[09:40:49] [DiscLoader/INFO]: Caching Members
[09:40:49] [DiscLoader/INFO]: Caching Channels
[09:40:49] [DiscLoader/INFO]: Caching Presences
[09:40:49] [DiscLoader/INFO]: Caching Emojis
[09:40:49] [DiscLoader/INFO]: Caching Voice States
[09:40:49] [DiscLoader/INFO]: Registering Icon
[09:40:49] [DiscLoader/INFO]: Guilds Cached
[09:40:49] [DiscLoader/INFO]: Caching Roles
[09:40:49] [DiscLoader/INFO]: Caching Members
[09:40:49] [DiscLoader/INFO]: Caching Channels
[09:40:49] [DiscLoader/INFO]: Caching Presences
[09:40:49] [DiscLoader/INFO]: Caching Emojis
[09:40:49] [DiscLoader/INFO]: Caching Voice States
[09:40:49] [DiscLoader/INFO]: Registering Icon
[09:40:49] [DiscLoader/INFO]: Guilds Cached
[09:40:49] [DiscLoader/INFO]: Caching Roles
[09:40:49] [DiscLoader/INFO]: Caching Members
[09:40:49] [DiscLoader/INFO]: Caching Channels
[09:40:49] [DiscLoader/INFO]: Caching Presences
[09:40:49] [DiscLoader/INFO]: Caching Emojis
[09:40:49] [DiscLoader/INFO]: Caching Voice States
[09:40:49] [DiscLoader/INFO]: Registering Icon
[09:40:49] [DiscLoader/INFO]: Guilds Cached
[09:40:49] [DiscLoader/INFO]: Caching Roles
[09:40:49] [DiscLoader/INFO]: Caching Members
[09:40:49] [DiscLoader/INFO]: Caching Channels
[09:40:49] [DiscLoader/INFO]: Caching Presences
[09:40:49] [DiscLoader/INFO]: Caching Emojis
[09:40:49] [DiscLoader/INFO]: Caching Voice States
[09:40:49] [DiscLoader/INFO]: Registering Icon
[09:40:49] [DiscLoader/INFO]: Guilds Cached
[09:40:49] [DiscLoader/INFO]: Caching Roles
[09:40:49] [DiscLoader/INFO]: Caching Members
[09:40:49] [DiscLoader/INFO]: Caching Channels
[09:40:49] [DiscLoader/INFO]: Caching Presences
[09:40:49] [DiscLoader/INFO]: Caching Emojis
[09:40:49] [DiscLoader/INFO]: Caching Voice States
[09:40:49] [DiscLoader/INFO]: Registering Icon
[09:40:49] [DiscLoader/INFO]: Guilds Cached
